<?xml version="1.0" encoding="UTF-8"?>
<!-- Generated by org.testng.reporters.JUnitXMLReporter -->
<testsuite ignored="0" hostname="MLI01167" failures="0" tests="3" name="Default test" time="0.026" errors="0" timestamp="13 Jul 2023 16:47:22 GMT">
  <testcase classname="TestAutomation.TestingFramework.MobileTest" name="getMethodRegression" time="0.006"/>
  <testcase classname="TestAutomation.TestingFramework.MobileTest" name="getMethodSmoke" time="0.002"/>
  <testcase classname="TestAutomation.TestingFramework.MobileTest" name="getMethodvalue" time="0.002"/>
</testsuite> <!-- Default test -->
