<?xml version="1.0" encoding="UTF-8"?>
<!-- Generated by org.testng.reporters.JUnitXMLReporter -->
<testsuite ignored="0" hostname="MLI01167" failures="0" tests="3" name="Test" time="0.036" errors="0" timestamp="13 Jul 2023 16:31:29 GMT">
  <testcase classname="TestAutomation.TestingFramework.MobileTest" name="getMethodvalue" time="0.009"/>
  <testcase classname="TestAutomation.TestingFramework.AppiumTest" name="getMethodclass" time="0.002"/>
  <testcase classname="TestAutomation.TestingFramework.SeleniumTest" name="getMethodname" time="0.001"/>
</testsuite> <!-- Test -->
