<?xml version="1.0" encoding="UTF-8"?>
<!-- Generated by org.testng.reporters.JUnitXMLReporter -->
<testsuite ignored="6" hostname="MLI01167" failures="0" tests="3" name="Test" time="0.02" errors="0" timestamp="13 Jul 2023 16:58:50 GMT">
  <testcase classname="TestAutomation.TestingFramework.AppiumTest" name="getMethodSmoke" time="0.005"/>
  <testcase classname="TestAutomation.TestingFramework.MobileTest" name="getMethodSmoke" time="0.0"/>
  <testcase classname="TestAutomation.TestingFramework.SeleniumTest" name="getMethodSmoke" time="0.001"/>
  <testcase classname="TestAutomation.TestingFramework.MobileTest" name="getMethodvalue" time="0.0">
    <ignored/>
  </testcase> <!-- getMethodvalue -->
  <testcase classname="TestAutomation.TestingFramework.AppiumTest" name="getMethodclass" time="0.0">
    <ignored/>
  </testcase> <!-- getMethodclass -->
  <testcase classname="TestAutomation.TestingFramework.SeleniumTest" name="getMethodRegression" time="0.0">
    <ignored/>
  </testcase> <!-- getMethodRegression -->
  <testcase classname="TestAutomation.TestingFramework.AppiumTest" name="getMethodRegression" time="0.0">
    <ignored/>
  </testcase> <!-- getMethodRegression -->
  <testcase classname="TestAutomation.TestingFramework.MobileTest" name="getMethodRegression" time="0.0">
    <ignored/>
  </testcase> <!-- getMethodRegression -->
  <testcase classname="TestAutomation.TestingFramework.SeleniumTest" name="getMethodname" time="0.0">
    <ignored/>
  </testcase> <!-- getMethodname -->
</testsuite> <!-- Test -->
