<?xml version="1.0" encoding="UTF-8"?>
<testng-results ignored="6" total="9" passed="3" failed="0" skipped="0">
  <reporter-output>
  </reporter-output>
  <suite started-at="2023-07-13T16:58:50Z" name="Suite" finished-at="2023-07-13T16:58:50Z" duration-ms="20">
    <groups>
      <group name="Smoke">
        <method signature="AppiumTest.getMethodSmoke()[pri:0, instance:TestAutomation.TestingFramework.AppiumTest@2767e23c]" name="getMethodSmoke" class="TestAutomation.TestingFramework.AppiumTest"/>
        <method signature="MobileTest.getMethodSmoke()[pri:1, instance:TestAutomation.TestingFramework.MobileTest@6fa51cd4]" name="getMethodSmoke" class="TestAutomation.TestingFramework.MobileTest"/>
        <method signature="SeleniumTest.getMethodSmoke()[pri:1, instance:TestAutomation.TestingFramework.SeleniumTest@710c2b53]" name="getMethodSmoke" class="TestAutomation.TestingFramework.SeleniumTest"/>
      </group> <!-- Smoke -->
    </groups>
    <test started-at="2023-07-13T16:58:50Z" name="Test" finished-at="2023-07-13T16:58:50Z" duration-ms="20">
      <class name="TestAutomation.TestingFramework.AppiumTest">
        <test-method signature="getMethodSmoke()[pri:0, instance:TestAutomation.TestingFramework.AppiumTest@2767e23c]" started-at="2023-07-13T16:58:50Z" name="getMethodSmoke" finished-at="2023-07-13T16:58:50Z" duration-ms="5" status="PASS">
          <reporter-output>
          </reporter-output>
        </test-method> <!-- getMethodSmoke -->
      </class> <!-- TestAutomation.TestingFramework.AppiumTest -->
      <class name="TestAutomation.TestingFramework.MobileTest">
        <test-method signature="getMethodSmoke()[pri:1, instance:TestAutomation.TestingFramework.MobileTest@6fa51cd4]" started-at="2023-07-13T16:58:50Z" name="getMethodSmoke" finished-at="2023-07-13T16:58:50Z" duration-ms="0" status="PASS">
          <reporter-output>
          </reporter-output>
        </test-method> <!-- getMethodSmoke -->
      </class> <!-- TestAutomation.TestingFramework.MobileTest -->
      <class name="TestAutomation.TestingFramework.SeleniumTest">
        <test-method signature="getMethodSmoke()[pri:1, instance:TestAutomation.TestingFramework.SeleniumTest@710c2b53]" started-at="2023-07-13T16:58:50Z" name="getMethodSmoke" finished-at="2023-07-13T16:58:50Z" duration-ms="1" status="PASS">
          <reporter-output>
          </reporter-output>
        </test-method> <!-- getMethodSmoke -->
      </class> <!-- TestAutomation.TestingFramework.SeleniumTest -->
    </test> <!-- Test -->
  </suite> <!-- Suite -->
</testng-results>
